生成启动时间为 2024/12/30 8:34:31。
     1>项目“C:\Exam\202483290476\程序设计\2\proj2\proj2.vcxproj”在节点 2 上(build 个目标)。
     1>PrepareForBuild:
         正在创建目录“C:\Exam\202483290476\程序设计\2\Debug\”。
       InitializeBuildStatus:
         正在创建“Debug\proj2.unsuccessfulbuild”，因为已指定“AlwaysCreate”。
       ClCompile:
         D:\MySoftwares\Microsoft Visual Studio\2010\Study\VC\bin\CL.exe /c /ZI /nologo /W3 /WX- /Od /Oy- /D _MBCS /Gm /EHsc /RTC1 /MDd /GS /fp:precise /Zc:wchar_t /Zc:forScope /Fo"Debug\\" /Fd"Debug\vc100.pdb" /Gd /TC /analyze- /errorReport:prompt PROG2.C
         PROG2.C
     1>c:\exam\202483290476\程序设计\2\proj2\prog2.c(46): warning C4996: 'strcpy': This function or variable may be unsafe. Consider using strcpy_s instead. To disable deprecation, use _CRT_SECURE_NO_WARNINGS. See online help for details.
                 d:\mysoftwares\microsoft visual studio\2010\study\vc\include\string.h(105) : 参见“strcpy”的声明
     1>c:\exam\202483290476\程序设计\2\proj2\prog2.c(50): warning C4996: 'strcpy': This function or variable may be unsafe. Consider using strcpy_s instead. To disable deprecation, use _CRT_SECURE_NO_WARNINGS. See online help for details.
                 d:\mysoftwares\microsoft visual studio\2010\study\vc\include\string.h(105) : 参见“strcpy”的声明
     1>c:\exam\202483290476\程序设计\2\proj2\prog2.c(54): warning C4996: 'strcpy': This function or variable may be unsafe. Consider using strcpy_s instead. To disable deprecation, use _CRT_SECURE_NO_WARNINGS. See online help for details.
                 d:\mysoftwares\microsoft visual studio\2010\study\vc\include\string.h(105) : 参见“strcpy”的声明
     1>c:\exam\202483290476\程序设计\2\proj2\prog2.c(56): warning C4996: 'strcpy': This function or variable may be unsafe. Consider using strcpy_s instead. To disable deprecation, use _CRT_SECURE_NO_WARNINGS. See online help for details.
                 d:\mysoftwares\microsoft visual studio\2010\study\vc\include\string.h(105) : 参见“strcpy”的声明
     1>c:\exam\202483290476\程序设计\2\proj2\prog2.c(58): warning C4996: 'strcpy': This function or variable may be unsafe. Consider using strcpy_s instead. To disable deprecation, use _CRT_SECURE_NO_WARNINGS. See online help for details.
                 d:\mysoftwares\microsoft visual studio\2010\study\vc\include\string.h(105) : 参见“strcpy”的声明
     1>c:\exam\202483290476\程序设计\2\proj2\prog2.c(70): warning C4996: 'scanf': This function or variable may be unsafe. Consider using scanf_s instead. To disable deprecation, use _CRT_SECURE_NO_WARNINGS. See online help for details.
                 d:\mysoftwares\microsoft visual studio\2010\study\vc\include\stdio.h(304) : 参见“scanf”的声明
     1>c:\exam\202483290476\程序设计\2\proj2\prog2.c(72): warning C4996: 'scanf': This function or variable may be unsafe. Consider using scanf_s instead. To disable deprecation, use _CRT_SECURE_NO_WARNINGS. See online help for details.
                 d:\mysoftwares\microsoft visual studio\2010\study\vc\include\stdio.h(304) : 参见“scanf”的声明
     1>c:\exam\202483290476\程序设计\2\proj2\prog2.c(77): warning C4996: 'fopen': This function or variable may be unsafe. Consider using fopen_s instead. To disable deprecation, use _CRT_SECURE_NO_WARNINGS. See online help for details.
                 d:\mysoftwares\microsoft visual studio\2010\study\vc\include\stdio.h(234) : 参见“fopen”的声明
     1>c:\exam\202483290476\程序设计\2\proj2\prog2.c(78): warning C4996: 'fopen': This function or variable may be unsafe. Consider using fopen_s instead. To disable deprecation, use _CRT_SECURE_NO_WARNINGS. See online help for details.
                 d:\mysoftwares\microsoft visual studio\2010\study\vc\include\stdio.h(234) : 参见“fopen”的声明
     1>c:\exam\202483290476\程序设计\2\proj2\prog2.c(79): warning C4996: 'fscanf': This function or variable may be unsafe. Consider using fscanf_s instead. To disable deprecation, use _CRT_SECURE_NO_WARNINGS. See online help for details.
                 d:\mysoftwares\microsoft visual studio\2010\study\vc\include\stdio.h(253) : 参见“fscanf”的声明
     1>c:\exam\202483290476\程序设计\2\proj2\prog2.c(82): warning C4996: 'fscanf': This function or variable may be unsafe. Consider using fscanf_s instead. To disable deprecation, use _CRT_SECURE_NO_WARNINGS. See online help for details.
                 d:\mysoftwares\microsoft visual studio\2010\study\vc\include\stdio.h(253) : 参见“fscanf”的声明
       Link:
         D:\MySoftwares\Microsoft Visual Studio\2010\Study\VC\bin\link.exe /ERRORREPORT:PROMPT /OUT:"C:\Exam\202483290476\程序设计\2\Debug\proj2.exe" /NOLOGO kernel32.lib user32.lib gdi32.lib winspool.lib comdlg32.lib advapi32.lib shell32.lib ole32.lib oleaut32.lib uuid.lib odbc32.lib odbccp32.lib /MANIFEST /ManifestFile:"Debug\proj2.exe.intermediate.manifest" /MANIFESTUAC:"level='asInvoker' uiAccess='false'" /DEBUG /PDB:"C:\Exam\202483290476\程序设计\2\Debug\proj2.pdb" /SUBSYSTEM:CONSOLE /TLBID:1 /DYNAMICBASE /NXCOMPAT /IMPLIB:"C:\Exam\202483290476\程序设计\2\Debug\proj2.lib" /MACHINE:X86 Debug\PROG2.obj
         proj2.vcxproj -> C:\Exam\202483290476\程序设计\2\Debug\proj2.exe
       Manifest:
         C:\Program Files (x86)\Microsoft SDKs\Windows\v7.0A\bin\mt.exe /nologo /verbose /outputresource:"C:\Exam\202483290476\程序设计\2\Debug\proj2.exe;#1" /manifest Debug\proj2.exe.intermediate.manifest
       FinalizeBuildStatus:
         正在删除文件“Debug\proj2.unsuccessfulbuild”。
         正在对“Debug\proj2.lastbuildstate”执行 Touch 任务。
     1>已完成生成项目“C:\Exam\202483290476\程序设计\2\proj2\proj2.vcxproj”(build 个目标)的操作。

生成成功。

已用时间 00:00:01.03
