 101      B1  90.4    优秀
 102      B2  60.4    及格
 103      G1  94.5    优秀
 104      B3  72.8    中等
 105      G2  81.0    良好
 106      B4  58.6  不及格
优良等级人数: 3
 101      B1  90.4  优秀
 103      G1  94.5  优秀
 105      G2  81.0  良好

   1     AA1  53.9  不及格
   2     AA2  90.3    优秀
   3     AA3  82.5    良好
   4     AA4  48.2  不及格
   5     AA5  90.2    优秀
   6     AA6  88.9    良好
   7     AA7  87.3    良好
   8     AA8  66.1    及格
   9     AA9  83.8    良好
  10    AA10  77.4    中等
  11    AA11  44.5  不及格
  12    AA12  62.8    及格
  13    AA13  73.0    中等
  14    AA14  82.7    良好
  15    AA15  75.2    中等
  16    AA16  42.8  不及格
  17    AA17  75.2    中等
  18    AA18  63.6    及格
  19    AA19  85.8    良好
  20    AA20  54.9  不及格
  21    AA21  59.3  不及格
  22    AA22  47.8  不及格
  23    AA23  65.5    及格
  24    AA24  53.7  不及格
  25    AA25  76.7    中等
  26    AA26  79.0    中等
  27    AA27  82.7    良好
  28    AA28  59.6  不及格
  29    AA29  89.2    良好
  30    AA30  56.2  不及格
  31    AA31  86.3    良好
  32    AA32  73.8    中等
  33    AA33  62.5    及格
  34    AA34  84.5    良好
  35    AA35  78.8    中等
  36    AA36  78.2    中等
  37    AA37  90.0    优秀
  38    AA38  79.5    中等
  39    AA39  70.7    中等
  40    AA40  68.4    及格
  41    AA41  73.4    中等
  42    AA42  62.5    及格
  43    AA43  56.9  不及格
  44    AA44  58.6  不及格
  45    AA45  47.8  不及格
  46    AA46  83.6    良好
  47    AA47  61.2    及格
  48    AA48  45.7  不及格
  49    AA49  56.7  不及格
  50    AA50  82.1    良好
  51    AA51  46.2  不及格
  52    AA52  66.3    及格
  53    AA53  73.6    中等
  54    AA54  81.3    良好
  55    AA55  51.6  不及格
  56    AA56  80.9    良好
  57    AA57  70.4    中等
  58    AA58  45.6  不及格
  59    AA59  60.6    及格
  60    AA60  75.6    中等
  61    AA61  76.8    中等
  62    AA62  48.3  不及格
  63    AA63  86.4    良好
  64    AA64  46.6  不及格
  65    AA65  63.7    及格
  66    AA66  77.3    中等
  67    AA67  44.5  不及格
  68    AA68  88.2    良好
  69    AA69  93.7    优秀
  70    AA70  83.7    良好
  71    AA71  58.2  不及格
  72    AA72  58.3  不及格
  73    AA73  78.6    中等
  74    AA74  81.5    良好
  75    AA75  85.2    良好
  76    AA76  72.4    中等
  77    AA77  83.3    良好
  78    AA78  75.0    中等
  79    AA79  58.1  不及格
  80    AA80  71.2    中等
  81    AA81  86.3    良好
  82    AA82  49.6  不及格
  83    AA83  69.6    及格
  84    AA84  60.3    及格
  85    AA85  58.2  不及格
  86    AA86  74.6    中等
  87    AA87  78.0    中等
  88    AA88  68.4    及格
  89    AA89  79.5    中等
  90    AA90  41.5  不及格
  91    AA91  79.4    中等
  92    AA92  64.8    及格
  93    AA93  90.5    优秀
  94    AA94  87.7    良好
  95    AA95  54.4  不及格
  96    AA96  57.1  不及格
  97    AA97  50.3  不及格
  98    AA98  64.0    及格
  99    AA99  88.3    良好
 100   AA100  59.1  不及格
优良等级人数: 28
   2     AA2  90.3  优秀
   3     AA3  82.5  良好
   5     AA5  90.2  优秀
   6     AA6  88.9  良好
   7     AA7  87.3  良好
   9     AA9  83.8  良好
  14    AA14  82.7  良好
  19    AA19  85.8  良好
  27    AA27  82.7  良好
  29    AA29  89.2  良好
  31    AA31  86.3  良好
  34    AA34  84.5  良好
  37    AA37  90.0  优秀
  46    AA46  83.6  良好
  50    AA50  82.1  良好
  54    AA54  81.3  良好
  56    AA56  80.9  良好
  63    AA63  86.4  良好
  68    AA68  88.2  良好
  69    AA69  93.7  优秀
  70    AA70  83.7  良好
  74    AA74  81.5  良好
  75    AA75  85.2  良好
  77    AA77  83.3  良好
  81    AA81  86.3  良好
  93    AA93  90.5  优秀
  94    AA94  87.7  良好
  99    AA99  88.3  良好

